<?xml version="1.0" encoding="UTF-8"?>
<!-- Generated by org.testng.reporters.JUnitReportReporter -->
<testsuite hostname="Ankit-PC" failures="0" tests="2" name="com.test.TestNgBasics" time="0.007" errors="0" timestamp="2020-05-24T21:09:55 IST" skipped="0">
  <testcase classname="com.test.TestNgBasics" name="googleTitleTest" time="0.003"/>
  <system-out/>
  <testcase classname="com.test.TestNgBasics" name="searchTest" time="0.004"/>
  <system-out/>
</testsuite> <!-- com.test.TestNgBasics -->
