<?xml version="1.0" encoding="UTF-8"?>
<!-- Generated by org.testng.reporters.JUnitReportReporter -->
<testsuite hostname="Ankit-PC" failures="0" tests="10" name="com.test.InvocationCountTest" time="0.049" errors="0" timestamp="2020-05-24T21:09:55 IST" skipped="0">
  <testcase classname="com.test.InvocationCountTest" name="sum" time="0.001"/>
  <system-out/>
  <testcase classname="com.test.InvocationCountTest" name="sum" time="0.006"/>
  <system-out/>
  <testcase classname="com.test.InvocationCountTest" name="sum" time="0.010"/>
  <system-out/>
  <testcase classname="com.test.InvocationCountTest" name="sum" time="0.003"/>
  <system-out/>
  <testcase classname="com.test.InvocationCountTest" name="sum" time="0.002"/>
  <system-out/>
  <testcase classname="com.test.InvocationCountTest" name="sum" time="0.003"/>
  <system-out/>
  <testcase classname="com.test.InvocationCountTest" name="sum" time="0.005"/>
  <system-out/>
  <testcase classname="com.test.InvocationCountTest" name="sum" time="0.015"/>
  <system-out/>
  <testcase classname="com.test.InvocationCountTest" name="sum" time="0.002"/>
  <system-out/>
  <testcase classname="com.test.InvocationCountTest" name="sum" time="0.002"/>
  <system-out/>
</testsuite> <!-- com.test.InvocationCountTest -->
